<?xml version="1.0" encoding="UTF-8"?>
<!-- Generated by org.testng.reporters.JUnitXMLReporter -->
<testsuite hostname="home-pc" name="ComparePricesWithDB" tests="1" failures="1" timestamp="2 Apr 2015 22:16:50 GMT" time="8.057" errors="0">
  <testcase name="comparePrices" time="8.054" classname="testing.ComparePricesWithDB">
    <failure type="java.lang.AssertionError" message="Product Corei3 is present in DB expected [Intel Core i3-3250 LGA1155, 3.5GHz, Box (BX80637I33250SR0YX)] but found [null]">
      <![CDATA[java.lang.AssertionError: Product Corei3 is present in DB expected [Intel Core i3-3250 LGA1155, 3.5GHz, Box (BX80637I33250SR0YX)] but found [null]
	at testing.ComparePricesWithDB.comparePrices(ComparePricesWithDB.java:45)
... Removed 37 stack frames]]>
    </failure>
  </testcase> <!-- comparePrices -->
</testsuite> <!-- ComparePricesWithDB -->
